0 info it worked if it ends with ok
1 verbose cli [ 'C:\\Program Files\\nodejs\\\\node.exe',
1 verbose cli   'C:\\Program Files\\nodejs\\node_modules\\npm\\bin\\npm-cli.js',
1 verbose cli   'install',
1 verbose cli   'css-lint' ]
2 info using npm@1.4.28
3 info using node@v0.10.32
4 verbose node symlink C:\Program Files\nodejs\\node.exe
5 warn package.json Juno-Gulp-Boilerplate@0.1.0 No repository field.
6 warn package.json Juno-Gulp-Boilerplate@0.1.0 No README data
7 verbose readDependencies using package.json deps
8 verbose cache add [ 'css-lint', null ]
9 verbose cache add name=undefined spec="css-lint" args=["css-lint",null]
10 verbose parsed url { protocol: null,
10 verbose parsed url   slashes: null,
10 verbose parsed url   auth: null,
10 verbose parsed url   host: null,
10 verbose parsed url   port: null,
10 verbose parsed url   hostname: null,
10 verbose parsed url   hash: null,
10 verbose parsed url   search: null,
10 verbose parsed url   query: null,
10 verbose parsed url   pathname: 'css-lint',
10 verbose parsed url   path: 'css-lint',
10 verbose parsed url   href: 'css-lint' }
11 silly lockFile 29bced2e-css-lint css-lint
12 verbose lock css-lint C:\Users\johnholtripley\AppData\Roaming\npm-cache\29bced2e-css-lint.lock
13 silly lockFile 29bced2e-css-lint css-lint
14 silly lockFile 29bced2e-css-lint css-lint
15 verbose addNamed [ 'css-lint', '' ]
16 verbose addNamed [ null, '*' ]
17 silly lockFile 33d55774-css-lint css-lint@
18 verbose lock css-lint@ C:\Users\johnholtripley\AppData\Roaming\npm-cache\33d55774-css-lint.lock
19 silly addNameRange { name: 'css-lint', range: '*', hasData: false }
20 verbose request where is /css-lint
21 verbose request registry https://registry.npmjs.org/
22 verbose request id e981c15f7930d469
23 verbose url raw /css-lint
24 verbose url resolving [ 'https://registry.npmjs.org/', './css-lint' ]
25 verbose url resolved https://registry.npmjs.org/css-lint
26 verbose request where is https://registry.npmjs.org/css-lint
27 info trying registry request attempt 1 at 14:41:44
28 http GET https://registry.npmjs.org/css-lint
29 http 404 https://registry.npmjs.org/css-lint
30 verbose headers { date: 'Mon, 27 Apr 2015 13:42:08 GMT',
30 verbose headers   server: 'CouchDB/1.5.0 (Erlang OTP/R16B03)',
30 verbose headers   'content-type': 'application/json',
30 verbose headers   'cache-control': 'max-age=0',
30 verbose headers   'content-length': '51',
30 verbose headers   'accept-ranges': 'bytes',
30 verbose headers   via: '1.1 varnish',
30 verbose headers   age: '0',
30 verbose headers   'x-served-by': 'cache-fra1246-FRA',
30 verbose headers   'x-cache': 'MISS',
30 verbose headers   'x-cache-hits': '0',
30 verbose headers   'x-timer': 'S1430142128.314037,VS0,VE185',
30 verbose headers   'keep-alive': 'timeout=10, max=50',
30 verbose headers   connection: 'Keep-Alive' }
31 silly registry.get cb [ 404,
31 silly registry.get   { date: 'Mon, 27 Apr 2015 13:42:08 GMT',
31 silly registry.get     server: 'CouchDB/1.5.0 (Erlang OTP/R16B03)',
31 silly registry.get     'content-type': 'application/json',
31 silly registry.get     'cache-control': 'max-age=0',
31 silly registry.get     'content-length': '51',
31 silly registry.get     'accept-ranges': 'bytes',
31 silly registry.get     via: '1.1 varnish',
31 silly registry.get     age: '0',
31 silly registry.get     'x-served-by': 'cache-fra1246-FRA',
31 silly registry.get     'x-cache': 'MISS',
31 silly registry.get     'x-cache-hits': '0',
31 silly registry.get     'x-timer': 'S1430142128.314037,VS0,VE185',
31 silly registry.get     'keep-alive': 'timeout=10, max=50',
31 silly registry.get     connection: 'Keep-Alive' } ]
32 silly lockFile 33d55774-css-lint css-lint@
33 silly lockFile 33d55774-css-lint css-lint@
34 error 404 404 Not Found: css-lint
34 error 404
34 error 404 'css-lint' is not in the npm registry.
34 error 404 You should bug the author to publish it
34 error 404 It was specified as a dependency of 'Juno-Gulp-Boilerplate'
34 error 404
34 error 404 Note that you can also install from a
34 error 404 tarball, folder, or http url, or git url.
35 error System Windows_NT 6.1.7601
36 error command "C:\\Program Files\\nodejs\\\\node.exe" "C:\\Program Files\\nodejs\\node_modules\\npm\\bin\\npm-cli.js" "install" "css-lint"
37 error cwd C:\Autumn Earth\Dropbox\gulp boilerplate
38 error node -v v0.10.32
39 error npm -v 1.4.28
40 error code E404
41 verbose exit [ 1, true ]
